<?xml version="1.0" encoding="UTF-8"?>
<trace:TraceModel xmi:version="2.0"
    xmlns:xmi="http://www.omg.org/XMI"
    xmlns:trace="http://www.eclipse.org/gmf/2006/Trace">
  <nodeTraces
      visualID="2001"
      queryText="(let _eClass_:ecore::EClass = modelFacet.metaClass.ecoreClass in _eClass_.ePackage.nsURI = 'http://jadex.sourceforge.net/gpmn' and _eClass_.name = 'Process') and (let _containmentMF_:ecore::EStructuralFeature = modelFacet.containmentMetaFeature.ecoreFeature in (let _eClass_:ecore::EClass = _containmentMF_.eContainingClass in _eClass_.ePackage.nsURI = 'http://jadex.sourceforge.net/gpmn' and _eClass_.name = 'GpmnDiagram') and _containmentMF_.name = 'processes')">
    <nodeLabelTraces
        visualID="5001"
        queryText="true"/>
  </nodeTraces>
  <nodeTraces
      visualID="2002"
      queryText="(let _eClass_:ecore::EClass = modelFacet.metaClass.ecoreClass in _eClass_.ePackage.nsURI = 'http://jadex.sourceforge.net/gpmn' and _eClass_.name = 'AchieveGoal') and (let _containmentMF_:ecore::EStructuralFeature = modelFacet.containmentMetaFeature.ecoreFeature in (let _eClass_:ecore::EClass = _containmentMF_.eContainingClass in _eClass_.ePackage.nsURI = 'http://jadex.sourceforge.net/gpmn' and _eClass_.name = 'Graph') and _containmentMF_.name = 'vertices')">
    <nodeLabelTraces
        visualID="5002"
        queryText="true"/>
  </nodeTraces>
  <nodeTraces
      visualID="2003"
      queryText="(let _eClass_:ecore::EClass = modelFacet.metaClass.ecoreClass in _eClass_.ePackage.nsURI = 'http://jadex.sourceforge.net/gpmn' and _eClass_.name = 'MaintainGoal') and (let _containmentMF_:ecore::EStructuralFeature = modelFacet.containmentMetaFeature.ecoreFeature in (let _eClass_:ecore::EClass = _containmentMF_.eContainingClass in _eClass_.ePackage.nsURI = 'http://jadex.sourceforge.net/gpmn' and _eClass_.name = 'Graph') and _containmentMF_.name = 'vertices')">
    <nodeLabelTraces
        visualID="5003"
        queryText="true"/>
  </nodeTraces>
  <nodeTraces
      visualID="2004"
      queryText="(let _eClass_:ecore::EClass = modelFacet.metaClass.ecoreClass in _eClass_.ePackage.nsURI = 'http://jadex.sourceforge.net/gpmn' and _eClass_.name = 'PerformGoal') and (let _containmentMF_:ecore::EStructuralFeature = modelFacet.containmentMetaFeature.ecoreFeature in (let _eClass_:ecore::EClass = _containmentMF_.eContainingClass in _eClass_.ePackage.nsURI = 'http://jadex.sourceforge.net/gpmn' and _eClass_.name = 'Graph') and _containmentMF_.name = 'vertices')">
    <nodeLabelTraces
        visualID="5004"
        queryText="true"/>
  </nodeTraces>
  <nodeTraces
      visualID="2005"
      queryText="(let _eClass_:ecore::EClass = modelFacet.metaClass.ecoreClass in _eClass_.ePackage.nsURI = 'http://jadex.sourceforge.net/gpmn' and _eClass_.name = 'QueryGoal') and (let _containmentMF_:ecore::EStructuralFeature = modelFacet.containmentMetaFeature.ecoreFeature in (let _eClass_:ecore::EClass = _containmentMF_.eContainingClass in _eClass_.ePackage.nsURI = 'http://jadex.sourceforge.net/gpmn' and _eClass_.name = 'Graph') and _containmentMF_.name = 'vertices')">
    <nodeLabelTraces
        visualID="5005"
        queryText="true"/>
  </nodeTraces>
  <nodeTraces
      visualID="2006"
      queryText="(let _eClass_:ecore::EClass = modelFacet.metaClass.ecoreClass in _eClass_.ePackage.nsURI = 'http://jadex.sourceforge.net/gpmn' and _eClass_.name = 'SequentialGoal') and (let _containmentMF_:ecore::EStructuralFeature = modelFacet.containmentMetaFeature.ecoreFeature in (let _eClass_:ecore::EClass = _containmentMF_.eContainingClass in _eClass_.ePackage.nsURI = 'http://jadex.sourceforge.net/gpmn' and _eClass_.name = 'Graph') and _containmentMF_.name = 'vertices')">
    <nodeLabelTraces
        visualID="5006"
        queryText="true"/>
  </nodeTraces>
  <nodeTraces
      visualID="2007"
      queryText="(let _eClass_:ecore::EClass = modelFacet.metaClass.ecoreClass in _eClass_.ePackage.nsURI = 'http://jadex.sourceforge.net/gpmn' and _eClass_.name = 'ParallelGoal') and (let _containmentMF_:ecore::EStructuralFeature = modelFacet.containmentMetaFeature.ecoreFeature in (let _eClass_:ecore::EClass = _containmentMF_.eContainingClass in _eClass_.ePackage.nsURI = 'http://jadex.sourceforge.net/gpmn' and _eClass_.name = 'Graph') and _containmentMF_.name = 'vertices')">
    <nodeLabelTraces
        visualID="5007"
        queryText="true"/>
  </nodeTraces>
  <nodeTraces
      visualID="2008"
      queryText="(let _eClass_:ecore::EClass = modelFacet.metaClass.ecoreClass in _eClass_.ePackage.nsURI = 'http://jadex.sourceforge.net/gpmn' and _eClass_.name = 'MessageGoal') and (let _containmentMF_:ecore::EStructuralFeature = modelFacet.containmentMetaFeature.ecoreFeature in (let _eClass_:ecore::EClass = _containmentMF_.eContainingClass in _eClass_.ePackage.nsURI = 'http://jadex.sourceforge.net/gpmn' and _eClass_.name = 'Graph') and _containmentMF_.name = 'vertices')">
    <nodeLabelTraces
        visualID="5008"
        queryText="true"/>
  </nodeTraces>
  <nodeTraces
      visualID="2009"
      queryText="(let _eClass_:ecore::EClass = modelFacet.metaClass.ecoreClass in _eClass_.ePackage.nsURI = 'http://jadex.sourceforge.net/gpmn' and _eClass_.name = 'SubProcessGoal') and (let _containmentMF_:ecore::EStructuralFeature = modelFacet.containmentMetaFeature.ecoreFeature in (let _eClass_:ecore::EClass = _containmentMF_.eContainingClass in _eClass_.ePackage.nsURI = 'http://jadex.sourceforge.net/gpmn' and _eClass_.name = 'Graph') and _containmentMF_.name = 'vertices')">
    <nodeLabelTraces
        visualID="5009"
        queryText="true"/>
  </nodeTraces>
  <nodeTraces
      visualID="2010"
      queryText="(let _eClass_:ecore::EClass = modelFacet.metaClass.ecoreClass in _eClass_.ePackage.nsURI = 'http://jadex.sourceforge.net/gpmn' and _eClass_.name = 'Plan') and (let _containmentMF_:ecore::EStructuralFeature = modelFacet.containmentMetaFeature.ecoreFeature in (let _eClass_:ecore::EClass = _containmentMF_.eContainingClass in _eClass_.ePackage.nsURI = 'http://jadex.sourceforge.net/gpmn' and _eClass_.name = 'Graph') and _containmentMF_.name = 'vertices')">
    <nodeLabelTraces
        visualID="5010"
        queryText="true"/>
  </nodeTraces>
  <nodeTraces
      visualID="2011"
      queryText="(let _eClass_:ecore::EClass = modelFacet.metaClass.ecoreClass in _eClass_.ePackage.nsURI = 'http://jadex.sourceforge.net/gpmn' and _eClass_.name = 'Context') and (let _containmentMF_:ecore::EStructuralFeature = modelFacet.containmentMetaFeature.ecoreFeature in (let _eClass_:ecore::EClass = _containmentMF_.eContainingClass in _eClass_.ePackage.nsURI = 'http://jadex.sourceforge.net/gpmn' and _eClass_.name = 'ArtifactsContainer') and _containmentMF_.name = 'artifacts')"/>
  <nodeTraces
      visualID="2012"
      queryText="(let _eClass_:ecore::EClass = modelFacet.metaClass.ecoreClass in _eClass_.ePackage.nsURI = 'http://jadex.sourceforge.net/gpmn' and _eClass_.name = 'TextAnnotation') and (let _containmentMF_:ecore::EStructuralFeature = modelFacet.containmentMetaFeature.ecoreFeature in (let _eClass_:ecore::EClass = _containmentMF_.eContainingClass in _eClass_.ePackage.nsURI = 'http://jadex.sourceforge.net/gpmn' and _eClass_.name = 'ArtifactsContainer') and _containmentMF_.name = 'artifacts')">
    <nodeLabelTraces
        visualID="5012"
        queryText="true"/>
  </nodeTraces>
  <nodeTraces
      visualID="2013"
      queryText="(let _eClass_:ecore::EClass = modelFacet.metaClass.ecoreClass in _eClass_.ePackage.nsURI = 'http://jadex.sourceforge.net/gpmn' and _eClass_.name = 'DataObject') and (let _containmentMF_:ecore::EStructuralFeature = modelFacet.containmentMetaFeature.ecoreFeature in (let _eClass_:ecore::EClass = _containmentMF_.eContainingClass in _eClass_.ePackage.nsURI = 'http://jadex.sourceforge.net/gpmn' and _eClass_.name = 'ArtifactsContainer') and _containmentMF_.name = 'artifacts')">
    <nodeLabelTraces
        visualID="5013"
        queryText="true"/>
  </nodeTraces>
  <nodeTraces
      visualID="2014"
      queryText="(let _eClass_:ecore::EClass = modelFacet.metaClass.ecoreClass in _eClass_.ePackage.nsURI = 'http://jadex.sourceforge.net/gpmn' and _eClass_.name = 'GenericGpmnElement') and (let _containmentMF_:ecore::EStructuralFeature = modelFacet.containmentMetaFeature.ecoreFeature in (let _eClass_:ecore::EClass = _containmentMF_.eContainingClass in _eClass_.ePackage.nsURI = 'http://jadex.sourceforge.net/gpmn' and _eClass_.name = 'Graph') and _containmentMF_.name = 'vertices')">
    <nodeLabelTraces
        visualID="5014"
        queryText="true"/>
  </nodeTraces>
  <linkTraces
      visualID="4001"
      queryText="modelFacet.oclIsKindOf(gmfgen::TypeLinkModelFacet) and (let _eClass_:ecore::EClass = modelFacet.oclAsType(gmfgen::TypeLinkModelFacet).metaClass.ecoreClass in _eClass_.ePackage.nsURI = 'http://jadex.sourceforge.net/gpmn' and _eClass_.name = 'Association')"/>
  <linkTraces
      visualID="4002"
      queryText="modelFacet.oclIsKindOf(gmfgen::TypeLinkModelFacet) and (let _eClass_:ecore::EClass = modelFacet.oclAsType(gmfgen::TypeLinkModelFacet).metaClass.ecoreClass in _eClass_.ePackage.nsURI = 'http://jadex.sourceforge.net/gpmn' and _eClass_.name = 'SubGoalEdge')">
    <linkLabelTraces
        visualID="6003"
        queryText="true"/>
  </linkTraces>
  <linkTraces
      visualID="4003"
      queryText="modelFacet.oclIsKindOf(gmfgen::TypeLinkModelFacet) and (let _eClass_:ecore::EClass = modelFacet.oclAsType(gmfgen::TypeLinkModelFacet).metaClass.ecoreClass in _eClass_.ePackage.nsURI = 'http://jadex.sourceforge.net/gpmn' and _eClass_.name = 'PlanEdge')"/>
  <linkTraces
      visualID="4004"
      queryText="modelFacet.oclIsKindOf(gmfgen::TypeLinkModelFacet) and (let _eClass_:ecore::EClass = modelFacet.oclAsType(gmfgen::TypeLinkModelFacet).metaClass.ecoreClass in _eClass_.ePackage.nsURI = 'http://jadex.sourceforge.net/gpmn' and _eClass_.name = 'MessagingEdge')">
    <linkLabelTraces
        visualID="6001"
        queryText="true"/>
  </linkTraces>
  <linkTraces
      visualID="4005"
      queryText="modelFacet.oclIsKindOf(gmfgen::TypeLinkModelFacet) and (let _eClass_:ecore::EClass = modelFacet.oclAsType(gmfgen::TypeLinkModelFacet).metaClass.ecoreClass in _eClass_.ePackage.nsURI = 'http://jadex.sourceforge.net/gpmn' and _eClass_.name = 'GenericGpmnEdge')">
    <linkLabelTraces
        visualID="6004"
        queryText="true"/>
  </linkTraces>
</trace:TraceModel>
