#
# A fatal error has been detected by the Java Runtime Environment:
#
#  EXCEPTION_ACCESS_VIOLATION (0xc0000005) at pc=0x000000006d9ff187, pid=8596, tid=6536
#
# JRE version: 6.0_20-b02
# Java VM: Java HotSpot(TM) 64-Bit Server VM (16.3-b01 mixed mode windows-amd64 )
# Problematic frame:
# V  [jvm.dll+0x20f187]
#
# If you would like to submit a bug report, please visit:
#   http://java.sun.com/webapps/bugreport/crash.jsp
#

---------------  T H R E A D  ---------------

Current thread (0x00000000067e3800):  JavaThread "JDWP Transport Listener: dt_socket" daemon [_thread_in_vm, id=6536, stack(0x0000000006f70000,0x0000000007070000)]

siginfo: ExceptionCode=0xc0000005, reading address 0x0000000000000010

Registers:
EAX=0x0000000000000010, EBX=0x000000000047b980, ECX=0x0000000000000000, EDX=0x00000000067ce3c0
ESP=0x000000000706f6f8, EBP=0x0000000085ff2564, ESI=0x0000000085ff2628, EDI=0x0000000000000000
EIP=0x000000006d9ff187, EFLAGS=0x0000000000010246

Top of Stack: (sp=0x000000000706f6f8)
0x000000000706f6f8:   000000006dadf956 00000000067e3800
0x000000000706f708:   000000000047b980 0000000000000000
0x000000000706f718:   00000000067ce240 0000000000000000
0x000000000706f728:   00000000067ce228 00000000067cde50
0x000000000706f738:   00000000067e2a90 0000000000000000
0x000000000706f748:   00000000067ce240 00000000067cde40
0x000000000706f758:   00000000067cde50 00000000067e3800
0x000000000706f768:   00000000067e3800 00000000067e2ac0
0x000000000706f778:   00000000067ce230 00000000067ce240
0x000000000706f788:   00000000067ce618 000000000706fbf0
0x000000000706f798:   000000006da0b908 0000000007b56f90
0x000000000706f7a8:   0000000000000000 0000000000000000
0x000000000706f7b8:   0000000000000000 00000000067fd7a0
0x000000000706f7c8:   000000000706f8a0 000000000706f8f0
0x000000000706f7d8:   000000000047a3c0 00000000067e3800
0x000000000706f7e8:   000000006da7a35b 000000000047a3c0 

Instructions: (pc=0x000000006d9ff187)
0x000000006d9ff177:   cc cc cc cc cc cc cc cc cc 48 63 05 cd 58 41 00
0x000000006d9ff187:   48 8b 04 08 c3 cc cc cc cc 48 63 05 bd 58 41 00 


Stack: [0x0000000006f70000,0x0000000007070000],  sp=0x000000000706f6f8,  free space=3fd0000000000000000k
Native frames: (J=compiled Java code, j=interpreted, Vv=VM code, C=native code)
V  [jvm.dll+0x20f187]


---------------  P R O C E S S  ---------------

Java Threads: ( => current thread )
  0x000000000ca84800 JavaThread "ServiceThread_3328" [_thread_new, id=9920, stack(0x0000000000000000,0x0000000000000000)]
  0x000000000ca82000 JavaThread "ServiceThread_3325" [_thread_new, id=9448, stack(0x0000000000000000,0x0000000000000000)]
  0x000000000ca81800 JavaThread "ServiceThread_3324" [_thread_new, id=6828, stack(0x0000000000000000,0x0000000000000000)]
  0x000000000ca7f000 JavaThread "ServiceThread_3321" [_thread_new, id=7948, stack(0x0000000000000000,0x0000000000000000)]
  0x000000000ca7e800 JavaThread "ServiceThread_3320" [_thread_new, id=9536, stack(0x0000000000000000,0x0000000000000000)]
  0x00000000084b2800 JavaThread "ServiceThread_3317" [_thread_new, id=8376, stack(0x0000000000000000,0x0000000000000000)]
  0x00000000084b1800 JavaThread "ServiceThread_3316" [_thread_new, id=4784, stack(0x0000000000000000,0x0000000000000000)]
  0x00000000084af800 JavaThread "ServiceThread_3313" [_thread_new, id=9912, stack(0x0000000000000000,0x0000000000000000)]
  0x00000000084ae800 JavaThread "ServiceThread_3312" [_thread_new, id=3280, stack(0x0000000000000000,0x0000000000000000)]
  0x00000000084ac800 JavaThread "ServiceThread_3309" [_thread_new, id=9540, stack(0x0000000000000000,0x0000000000000000)]
  0x00000000084a6000 JavaThread "ServiceThread_3308" [_thread_new, id=9800, stack(0x0000000000000000,0x0000000000000000)]
  0x00000000084a3000 JavaThread "ServiceThread_3305" [_thread_new, id=5996, stack(0x0000000000000000,0x0000000000000000)]
  0x00000000084a5000 JavaThread "ServiceThread_3304" [_thread_new, id=5904, stack(0x0000000000000000,0x0000000000000000)]
  0x00000000086f9000 JavaThread "ServiceThread_3301" [_thread_new, id=4544, stack(0x0000000000000000,0x0000000000000000)]
  0x00000000086fe800 JavaThread "ServiceThread_3300" [_thread_new, id=6356, stack(0x0000000000000000,0x0000000000000000)]
  0x000000000873f800 JavaThread "ServiceThread_3297" [_thread_new, id=10080, stack(0x0000000000000000,0x0000000000000000)]
  0x0000000008742800 JavaThread "ServiceThread_3296" [_thread_new, id=3932, stack(0x0000000000000000,0x0000000000000000)]
  0x0000000008743000 JavaThread "ServiceThread_3293" [_thread_new, id=6860, stack(0x0000000000000000,0x0000000000000000)]
  0x000000000873e000 JavaThread "ServiceThread_3292" [_thread_new, id=6052, stack(0x0000000000000000,0x0000000000000000)]
  0x000000000873f000 JavaThread "jadex.commons.service.execution.AsyncExecutionService$1@15b6562a" [_thread_in_Java, id=9416, stack(0x0000000018f30000,0x0000000019030000)]
  0x000000001088d000 JavaThread "ServiceThread_3288" [_thread_new, id=9940, stack(0x0000000000000000,0x0000000000000000)]
  0x0000000010893000 JavaThread "ServiceThread_3285" [_thread_blocked, id=9896, stack(0x0000000018b30000,0x0000000018c30000)]
  0x000000001088f800 JavaThread "ServiceThread_3284" [_thread_new, id=8712, stack(0x0000000000000000,0x0000000000000000)]
  0x0000000010891000 JavaThread "ServiceThread_3281" [_thread_blocked, id=6484, stack(0x0000000018730000,0x0000000018830000)]
  0x000000001088c000 JavaThread "ServiceThread_3280" [_thread_new, id=380, stack(0x0000000000000000,0x0000000000000000)]
  0x000000001f3e6000 JavaThread "ServiceThread_3277" [_thread_blocked, id=8656, stack(0x0000000017310000,0x0000000017410000)]
  0x000000001f3e9000 JavaThread "ServiceThread_3276" [_thread_new, id=7856, stack(0x0000000000000000,0x0000000000000000)]
  0x000000001f3e4800 JavaThread "ServiceThread_3272" [_thread_new, id=8320, stack(0x0000000000000000,0x0000000000000000)]
  0x000000000d40e800 JavaThread "ServiceThread_3268" [_thread_new, id=5960, stack(0x0000000000000000,0x0000000000000000)]
  0x000000000d40b000 JavaThread "ServiceThread_3264" [_thread_new, id=10236, stack(0x0000000000000000,0x0000000000000000)]
  0x000000000d40f800 JavaThread "ServiceThread_3260" [_thread_new, id=2932, stack(0x0000000000000000,0x0000000000000000)]
  0x000000000d439800 JavaThread "ServiceThread_3256" [_thread_new, id=5084, stack(0x0000000000000000,0x0000000000000000)]
  0x000000000d437800 JavaThread "jadex.commons.service.execution.AsyncExecutionService$1@6cead7d3" [_thread_in_Java, id=7140, stack(0x000000000f950000,0x000000000fa50000)]
  0x000000000d434800 JavaThread "jadex.commons.service.execution.AsyncExecutionService$1@4e0d7f3a" [_thread_in_Java, id=7608, stack(0x000000000f540000,0x000000000f640000)]
  0x000000000d43a000 JavaThread "jadex.commons.service.execution.AsyncExecutionService$1@2fe501f3" [_thread_in_Java, id=8292, stack(0x000000000c110000,0x000000000c210000)]
  0x000000000d433000 JavaThread "jadex.commons.service.execution.AsyncExecutionService$1@19ad5b3d" [_thread_in_Java, id=1784, stack(0x000000000bf10000,0x000000000c010000)]
  0x000000000d436800 JavaThread "jadex.commons.service.execution.AsyncExecutionService$1@1d700133" [_thread_in_Java, id=6840, stack(0x000000000b080000,0x000000000b180000)]
  0x0000000008702800 JavaThread "jadex.commons.service.execution.AsyncExecutionService$1@2c4404ca" [_thread_in_Java, id=7700, stack(0x00000000134c0000,0x00000000135c0000)]
  0x0000000008703800 JavaThread "jadex.commons.service.execution.AsyncExecutionService$1@22f41c09" [_thread_in_Java, id=5388, stack(0x0000000012e20000,0x0000000012f20000)]
  0x0000000008708000 JavaThread "jadex.commons.service.execution.AsyncExecutionService$1@72e4cde8" [_thread_in_Java, id=732, stack(0x0000000012c20000,0x0000000012d20000)]
  0x0000000008744800 JavaThread "jadex.commons.service.execution.AsyncExecutionService$1@2e81afb3" [_thread_in_Java, id=8868, stack(0x000000000bc10000,0x000000000bd10000)]
  0x00000000086f9800 JavaThread "jadex.commons.service.execution.AsyncExecutionService$1@b3d5b7c" [_thread_in_Java, id=6876, stack(0x00000000103c0000,0x00000000104c0000)]
  0x000000000d438000 JavaThread "jadex.commons.service.execution.AsyncExecutionService$1@4e0d2560" [_thread_in_Java, id=8944, stack(0x0000000019030000,0x0000000019130000)]
  0x000000000d410000 JavaThread "jadex.commons.service.execution.AsyncExecutionService$1@6865cfd2" [_thread_in_vm, id=8048, stack(0x000000000bd10000,0x000000000be10000)]
  0x00000000084a3800 JavaThread "D3D Screen Updater" daemon [_thread_blocked, id=6720, stack(0x000000000e650000,0x000000000e750000)]
  0x00000000084a2800 JavaThread "Timer-0" daemon [_thread_blocked, id=7840, stack(0x000000000c8d0000,0x000000000c9d0000)]
  0x00000000084a1800 JavaThread "TimerQueue" daemon [_thread_blocked, id=3408, stack(0x000000000c7d0000,0x000000000c8d0000)]
  0x00000000084a1000 JavaThread "Swing-Shell" daemon [_thread_blocked, id=9832, stack(0x000000000c2d0000,0x000000000c3d0000)]
  0x000000000849f800 JavaThread "AWT-EventQueue-0" [_thread_blocked, id=6544, stack(0x0000000009510000,0x0000000009610000)]
  0x000000000849e800 JavaThread "AWT-Shutdown" [_thread_blocked, id=9252, stack(0x0000000009410000,0x0000000009510000)]
  0x00000000085e7800 JavaThread "jadex.commons.concurrent.Executor@59566a6c" [_thread_blocked, id=2236, stack(0x0000000008e00000,0x0000000008f00000)]
  0x0000000007c41000 JavaThread "jadex.base.service.awareness.AwarenessAgent$18@618eabf6" [_thread_in_native, id=7844, stack(0x0000000008d00000,0x0000000008e00000)]
  0x000000000047d800 JavaThread "DestroyJavaVM" [_thread_blocked, id=9660, stack(0x0000000002350000,0x0000000002450000)]
  0x0000000007b58000 JavaThread "jadex.standalone.transport.niotcpmtp.NIOTCPTransport$2$1$1@14cb754f" [_thread_in_native, id=4308, stack(0x0000000008100000,0x0000000008200000)]
  0x00000000078a1800 JavaThread "AWT-Windows" daemon [_thread_in_native, id=6064, stack(0x0000000008200000,0x0000000008300000)]
  0x00000000078a0800 JavaThread "Java2D Disposer" daemon [_thread_blocked, id=4720, stack(0x0000000008000000,0x0000000008100000)]
  0x0000000006806000 JavaThread "Low Memory Detector" daemon [_thread_blocked, id=5896, stack(0x0000000007680000,0x0000000007780000)]
  0x00000000067fc800 JavaThread "CompilerThread1" daemon [_thread_blocked, id=6452, stack(0x0000000007580000,0x0000000007680000)]
  0x00000000067ff800 JavaThread "CompilerThread0" daemon [_thread_blocked, id=4148, stack(0x0000000007480000,0x0000000007580000)]
  0x00000000067e6800 JavaThread "JDWP Command Reader" daemon [_thread_in_native, id=4228, stack(0x00000000072d0000,0x00000000073d0000)]
  0x00000000067e5800 JavaThread "JDWP Event Helper Thread" daemon [_thread_blocked, id=8956, stack(0x0000000007120000,0x0000000007220000)]
=>0x00000000067e3800 JavaThread "JDWP Transport Listener: dt_socket" daemon [_thread_in_vm, id=6536, stack(0x0000000006f70000,0x0000000007070000)]
  0x00000000067d2000 JavaThread "Attach Listener" daemon [_thread_blocked, id=6704, stack(0x0000000006a80000,0x0000000006b80000)]
  0x00000000067cc800 JavaThread "Signal Dispatcher" daemon [_thread_blocked, id=2460, stack(0x0000000006980000,0x0000000006a80000)]
  0x0000000000577800 JavaThread "Finalizer" daemon [_thread_blocked, id=9580, stack(0x0000000006680000,0x0000000006780000)]
  0x0000000000570800 JavaThread "Reference Handler" daemon [_thread_blocked, id=4112, stack(0x0000000006580000,0x0000000006680000)]

Other Threads:
  0x000000000056c800 VMThread [stack: 0x0000000006480000,0x0000000006580000] [id=5872]
  0x0000000006814000 WatcherThread [stack: 0x0000000007780000,0x0000000007880000] [id=3372]

VM state:not at safepoint (normal execution)

VM Mutex/Monitor currently owned by a thread:  ([mutex/lock_event])
[0x000000000047b980] Threads_lock - owner thread: 0x00000000067e3800

Heap
 PSYoungGen      total 201280K, used 72491K [0x00000000d9d50000, 0x00000000e9160000, 0x00000001041f0000)
  eden space 171904K, 33% used [0x00000000d9d50000,0x00000000dd577cd8,0x00000000e4530000)
  from space 29376K, 51% used [0x00000000e4530000,0x00000000e53d3178,0x00000000e61e0000)
  to   space 29184K, 0% used [0x00000000e74e0000,0x00000000e74e0000,0x00000000e9160000)
 PSOldGen        total 111424K, used 32676K [0x00000000853f0000, 0x000000008c0c0000, 0x00000000d9d50000)
  object space 111424K, 29% used [0x00000000853f0000,0x00000000873d9190,0x000000008c0c0000)
 PSPermGen       total 60672K, used 27853K [0x000000007fff0000, 0x0000000083b30000, 0x00000000853f0000)
  object space 60672K, 45% used [0x000000007fff0000,0x0000000081b23680,0x0000000083b30000)

Dynamic libraries:
0x0000000000400000 - 0x000000000042e000 	C:\Program Files\Java\jre6\bin\javaw.exe
0x0000000076f50000 - 0x00000000770fb000 	C:\Windows\SYSTEM32\ntdll.dll
0x0000000076d30000 - 0x0000000076e4f000 	C:\Windows\system32\kernel32.dll
0x000007fefcfc0000 - 0x000007fefd02b000 	C:\Windows\system32\KERNELBASE.dll
0x000007fefec50000 - 0x000007fefed2b000 	C:\Windows\system32\ADVAPI32.dll
0x000007feff1c0000 - 0x000007feff25f000 	C:\Windows\system32\msvcrt.dll
0x000007fefd5b0000 - 0x000007fefd5cf000 	C:\Windows\SYSTEM32\sechost.dll
0x000007fefd2d0000 - 0x000007fefd3fe000 	C:\Windows\system32\RPCRT4.dll
0x0000000076e50000 - 0x0000000076f4a000 	C:\Windows\system32\USER32.dll
0x000007feff150000 - 0x000007feff1b7000 	C:\Windows\system32\GDI32.dll
0x000007fefe360000 - 0x000007fefe36e000 	C:\Windows\system32\LPK.dll
0x000007fefea70000 - 0x000007fefeb3a000 	C:\Windows\system32\USP10.dll
0x000007fefce20000 - 0x000007fefce77000 	C:\Windows\system32\apphelp.dll
0x000007fef25a0000 - 0x000007fef25f1000 	C:\Windows\AppPatch\AppPatch64\AcGenral.DLL
0x000007fefcd00000 - 0x000007fefcd25000 	C:\Windows\system32\SspiCli.dll
0x000007fefd400000 - 0x000007fefd471000 	C:\Windows\system32\SHLWAPI.dll
0x000007fefef30000 - 0x000007feff132000 	C:\Windows\system32\ole32.dll
0x000007fefd5d0000 - 0x000007fefe356000 	C:\Windows\system32\SHELL32.dll
0x0000000072fd0000 - 0x0000000072fd3000 	C:\Windows\system32\sfc.dll
0x000007fef8ff0000 - 0x000007fef9000000 	C:\Windows\system32\sfc_os.DLL
0x000007fefc1e0000 - 0x000007fefc1fe000 	C:\Windows\system32\USERENV.dll
0x000007fefceb0000 - 0x000007fefcebf000 	C:\Windows\system32\profapi.dll
0x000007fefad80000 - 0x000007fefad98000 	C:\Windows\system32\dwmapi.dll
0x000007fefbac0000 - 0x000007fefbad8000 	C:\Windows\system32\MPR.dll
0x000007fefe7e0000 - 0x000007fefe80e000 	C:\Windows\system32\IMM32.DLL
0x000007fefeb40000 - 0x000007fefec49000 	C:\Windows\system32\MSCTF.dll
0x0000000180000000 - 0x000000018005e000 	C:\Windows\system32\guard64.dll
0x000007fefcea0000 - 0x000007fefcea9000 	C:\Windows\system32\fltlib.dll
0x000000006d7f0000 - 0x000000006de95000 	C:\Program Files\Java\jre6\bin\server\jvm.dll
0x000007fefbb30000 - 0x000007fefbb6b000 	C:\Windows\system32\WINMM.dll
0x000000006d760000 - 0x000000006d76e000 	C:\Program Files\Java\jre6\bin\verify.dll
0x000000006d3b0000 - 0x000000006d3d7000 	C:\Program Files\Java\jre6\bin\java.dll
0x000000006d310000 - 0x000000006d31a000 	C:\Program Files\Java\jre6\bin\hpi.dll
0x0000000077110000 - 0x0000000077117000 	C:\Windows\system32\PSAPI.DLL
0x000000006d420000 - 0x000000006d454000 	C:\Program Files\Java\jre6\bin\jdwp.dll
0x000000006d630000 - 0x000000006d638000 	C:\Program Files\Java\jre6\bin\npt.dll
0x000000006d7b0000 - 0x000000006d7c2000 	C:\Program Files\Java\jre6\bin\zip.dll
0x000000006d270000 - 0x000000006d279000 	C:\Program Files\Java\jre6\bin\dt_socket.dll
0x0000000006b80000 - 0x0000000006bcd000 	C:\Windows\system32\WS2_32.dll
0x000007feff140000 - 0x000007feff148000 	C:\Windows\system32\NSI.dll
0x000007fefa470000 - 0x000007fefa485000 	C:\Windows\system32\NLAapi.dll
0x000007fefc6d0000 - 0x000007fefc724000 	C:\Windows\System32\mswsock.dll
0x000007fefc550000 - 0x000007fefc5ab000 	C:\Windows\system32\DNSAPI.dll
0x000007fef9210000 - 0x000007fef921b000 	C:\Windows\System32\winrnr.dll
0x000007fef91f0000 - 0x000007fef9205000 	C:\Windows\system32\napinsp.dll
0x000007fef91d0000 - 0x000007fef91e9000 	C:\Windows\system32\pnrpnsp.dll
0x000007fef9d90000 - 0x000007fef9db7000 	C:\Windows\system32\IPHLPAPI.DLL
0x000007fef9d70000 - 0x000007fef9d7b000 	C:\Windows\system32\WINNSI.DLL
0x000007fef9c70000 - 0x000007fef9cc3000 	C:\Windows\System32\fwpuclnt.dll
0x000007fef83e0000 - 0x000007fef83e8000 	C:\Windows\system32\rasadhlp.dll
0x000007fefc0e0000 - 0x000007fefc0e7000 	C:\Windows\System32\wshtcpip.dll
0x000000006d000000 - 0x000000006d1c3000 	C:\Program Files\Java\jre6\bin\awt.dll
0x000007fefb9f0000 - 0x000007fefba60000 	C:\Windows\system32\WINSPOOL.DRV
0x000007fefb460000 - 0x000007fefb654000 	C:\Windows\WinSxS\amd64_microsoft.windows.common-controls_6595b64144ccf1df_6.0.7600.16661_none_fa62ad231704eab7\COMCTL32.dll
0x000007fefb1b0000 - 0x000007fefb206000 	C:\Windows\system32\uxtheme.dll
0x000007fefcd30000 - 0x000007fefcd3f000 	C:\Windows\system32\CRYPTBASE.dll
0x000000006d600000 - 0x000000006d617000 	C:\Program Files\Java\jre6\bin\net.dll
0x000007fefc6c0000 - 0x000007fefc6c7000 	C:\Windows\System32\wship6.dll
0x000007fefc920000 - 0x000007fefc937000 	C:\Windows\system32\CRYPTSP.dll
0x000007fefc430000 - 0x000007fefc477000 	C:\Windows\system32\rsaenh.dll
0x000000006d620000 - 0x000000006d62b000 	C:\Program Files\Java\jre6\bin\nio.dll
0x000000006d2a0000 - 0x000000006d30b000 	C:\Program Files\Java\jre6\bin\fontmanager.dll
0x000007fef1530000 - 0x000007fef172f000 	C:\Windows\system32\d3d9.dll
0x000007fefc0d0000 - 0x000007fefc0dc000 	C:\Windows\system32\VERSION.dll
0x000007fefa1e0000 - 0x000007fefa1e7000 	C:\Windows\system32\d3d8thk.dll
0x000007fef0c00000 - 0x000007fef1524000 	C:\Windows\system32\nvd3dumx.dll
0x000007fefa990000 - 0x000007fefa9bc000 	C:\Windows\system32\powrprof.dll
0x000007fefe370000 - 0x000007fefe547000 	C:\Windows\system32\SETUPAPI.dll
0x000007fefcf60000 - 0x000007fefcf96000 	C:\Windows\system32\CFGMGR32.dll
0x000007fefd480000 - 0x000007fefd557000 	C:\Windows\system32\OLEAUT32.dll
0x000007fefcfa0000 - 0x000007fefcfba000 	C:\Windows\system32\DEVOBJ.dll
0x000007fefe740000 - 0x000007fefe7d9000 	C:\Windows\system32\CLBCatQ.DLL
0x000007fef5500000 - 0x000007fef569c000 	C:\Windows\system32\NetworkExplorer.dll
0x000007fefb240000 - 0x000007fefb36c000 	C:\Windows\system32\PROPSYS.dll
0x000007fefbe90000 - 0x000007fefbebd000 	C:\Windows\system32\ntmarta.dll
0x000007fefd280000 - 0x000007fefd2d0000 	C:\Windows\system32\WLDAP32.dll
0x000007fef63a0000 - 0x000007fef63d3000 	C:\Windows\System32\shdocvw.dll
0x000007fefa320000 - 0x000007fefa32b000 	C:\Windows\system32\slc.dll
0x000007fefa120000 - 0x000007fefa12a000 	C:\Windows\System32\drprov.dll
0x000007fefcde0000 - 0x000007fefce1d000 	C:\Windows\System32\WINSTA.dll
0x000007fefa0a0000 - 0x000007fefa0c2000 	C:\Windows\System32\ntlanman.dll
0x000007fefa100000 - 0x000007fefa11b000 	C:\Windows\System32\davclnt.dll
0x000007fefa090000 - 0x000007fefa09a000 	C:\Windows\System32\DAVHLPR.dll
0x000007fefbae0000 - 0x000007fefbaf5000 	C:\Windows\system32\wkscli.dll
0x000007fef7d40000 - 0x000007fef7d4f000 	C:\Windows\system32\cscapi.dll
0x000007fefbb00000 - 0x000007fefbb0c000 	C:\Windows\system32\netutils.dll
0x000007fef0980000 - 0x000007fef0bf1000 	C:\Windows\system32\wpdshext.dll
0x000007fefaf90000 - 0x000007fefb1a5000 	C:\Windows\WinSxS\amd64_microsoft.windows.gdiplus_6595b64144ccf1df_1.1.7600.16385_none_2b4f45e87195fcc4\gdiplus.dll
0x000007fef81f0000 - 0x000007fef82ad000 	C:\Windows\system32\PortableDeviceApi.dll
0x000007fefd0d0000 - 0x000007fefd10a000 	C:\Windows\system32\WINTRUST.dll
0x000007fefd110000 - 0x000007fefd276000 	C:\Windows\system32\CRYPT32.dll
0x000007fefcf50000 - 0x000007fefcf5f000 	C:\Windows\system32\MSASN1.dll
0x000007fef5c60000 - 0x000007fef5c95000 	C:\Windows\system32\EhStorShell.dll
0x000007fef51f0000 - 0x000007fef5217000 	C:\Windows\system32\EhStorAPI.dll
0x000007fef8060000 - 0x000007fef806c000 	C:\Windows\system32\LINKINFO.dll

VM Arguments:
jvm_args: -agentlib:jdwp=transport=dt_socket,suspend=y,address=localhost:62539 -ea -Dswing.defaultllaf=com.sun.java.swing.plaf.windows.WindowsLookAndFeel -DXbootclasspath/a:C:\Programme\jprofiler5\bin\agent.jar -Dagentlib:jprofilerti -Dfile.encoding=Cp1252 
java_command: jadex.base.Starter -simulation false
Launcher Type: SUN_STANDARD

Environment Variables:
JAVA_HOME=C:\Programme\Java\jdk1.6.0_20
CLASSPATH=.;C:\Program Files (x86)\QuickTime\QTSystem\QTJava.zip
PATH=;C:\Programme\jprofiler5\bin\windows
USERNAME=Lars
OS=Windows_NT
PROCESSOR_IDENTIFIER=Intel64 Family 6 Model 30 Stepping 5, GenuineIntel



---------------  S Y S T E M  ---------------

OS: Windows 7 Build 7600 

CPU:total 4 (8 cores per cpu, 2 threads per core) family 6 model 30 stepping 5, cmov, cx8, fxsr, mmx, sse, sse2, sse3, ssse3, sse4.1, sse4.2, popcnt, ht

Memory: 4k page, physical 8313228k(3315256k free), swap 16624556k(11207316k free)

vm_info: Java HotSpot(TM) 64-Bit Server VM (16.3-b01) for windows-amd64 JRE (1.6.0_20-b02), built on Apr 12 2010 13:44:19 by "java_re" with MS VC++ 8.0 (VS2005)

time: Wed Dec 01 16:05:39 2010
elapsed time: 65 seconds

